# JRE version: Java(TM) SE Runtime Environment (8.0_102-b14) (build 1.8.0_102-b14)
# Java VM: Java HotSpot(TM) 64-Bit Server VM (25.102-b14 mixed mode windows-amd64 compressed oops)
Heap:
 PSYoungGen      total 229376K, used 185738K [0x00000000f0000000, 0x0000000100000000, 0x0000000100000000)
  eden space 198144K, 85% used [0x00000000f0000000,0x00000000fa627eb0,0x00000000fc180000)
  from space 31232K, 49% used [0x00000000fc180000,0x00000000fd0baba8,0x00000000fe000000)
  to   space 29696K, 0% used [0x00000000fe300000,0x00000000fe300000,0x0000000100000000)
 ParOldGen       total 524288K, used 108359K [0x00000000d0000000, 0x00000000f0000000, 0x00000000f0000000)
  object space 524288K, 20% used [0x00000000d0000000,0x00000000d69d1ea8,0x00000000f0000000)
 Metaspace       used 75158K, capacity 78426K, committed 78552K, reserved 1116160K
  class space    used 10068K, capacity 10974K, committed 11008K, reserved 1048576K
GC Heap History (10 events):
Event: 259.816 GC heap before
{Heap before GC invocations=26 (full 3):
 PSYoungGen      total 217600K, used 217571K [0x00000000f0000000, 0x0000000100000000, 0x0000000100000000)
  eden space 187392K, 100% used [0x00000000f0000000,0x00000000fb700000,0x00000000fb700000)
  from space 30208K, 99% used [0x00000000fe280000,0x00000000ffff8fa8,0x0000000100000000)
  to   space 37376K, 0% used [0x00000000fb700000,0x00000000fb700000,0x00000000fdb80000)
 ParOldGen       total 524288K, used 88317K [0x00000000d0000000, 0x00000000f0000000, 0x00000000f0000000)
  object space 524288K, 16% used [0x00000000d0000000,0x00000000d563f698,0x00000000f0000000)
 Metaspace       used 72487K, capacity 75146K, committed 75352K, reserved 1114112K
  class space    used 9844K, capacity 10577K, committed 10624K, reserved 1048576K
Event: 259.863 GC heap after
Heap after GC invocations=26 (full 3):
 PSYoungGen      total 224768K, used 12755K [0x00000000f0000000, 0x0000000100000000, 0x0000000100000000)
  eden space 187392K, 0% used [0x00000000f0000000,0x00000000f0000000,0x00000000fb700000)
  from space 37376K, 34% used [0x00000000fb700000,0x00000000fc374d60,0x00000000fdb80000)
  to   space 35840K, 0% used [0x00000000fdd00000,0x00000000fdd00000,0x0000000100000000)
 ParOldGen       total 524288K, used 108335K [0x00000000d0000000, 0x00000000f0000000, 0x00000000f0000000)
  object space 524288K, 20% used [0x00000000d0000000,0x00000000d69cbea8,0x00000000f0000000)
 Metaspace       used 72487K, capacity 75146K, committed 75352K, reserved 1114112K
  class space    used 9844K, capacity 10577K, committed 10624K, reserved 1048576K
}
Event: 287.652 GC heap before
{Heap before GC invocations=27 (full 3):
 PSYoungGen      total 224768K, used 200147K [0x00000000f0000000, 0x0000000100000000, 0x0000000100000000)
  eden space 187392K, 100% used [0x00000000f0000000,0x00000000fb700000,0x00000000fb700000)
  from space 37376K, 34% used [0x00000000fb700000,0x00000000fc374d60,0x00000000fdb80000)
  to   space 35840K, 0% used [0x00000000fdd00000,0x00000000fdd00000,0x0000000100000000)
 ParOldGen       total 524288K, used 108335K [0x00000000d0000000, 0x00000000f0000000, 0x00000000f0000000)
  object space 524288K, 20% used [0x00000000d0000000,0x00000000d69cbea8,0x00000000f0000000)
 Metaspace       used 72594K, capacity 75298K, committed 75352K, reserved 1114112K
  class space    used 9850K, capacity 10581K, committed 10624K, reserved 1048576K
Event: 287.672 GC heap after
Heap after GC invocations=27 (full 3):
 PSYoungGen      total 227840K, used 12666K [0x00000000f0000000, 0x0000000100000000, 0x0000000100000000)
  eden space 192000K, 0% used [0x00000000f0000000,0x00000000f0000000,0x00000000fbb80000)
  from space 35840K, 35% used [0x00000000fdd00000,0x00000000fe95e8f0,0x0000000100000000)
  to   space 34304K, 0% used [0x00000000fbb80000,0x00000000fbb80000,0x00000000fdd00000)
 ParOldGen       total 524288K, used 108343K [0x00000000d0000000, 0x00000000f0000000, 0x00000000f0000000)
  object space 524288K, 20% used [0x00000000d0000000,0x00000000d69cdea8,0x00000000f0000000)
 Metaspace       used 72594K, capacity 75298K, committed 75352K, reserved 1114112K
  class space    used 9850K, capacity 10581K, committed 10624K, reserved 1048576K
}
Event: 784.524 GC heap before
{Heap before GC invocations=28 (full 3):
 PSYoungGen      total 227840K, used 204666K [0x00000000f0000000, 0x0000000100000000, 0x0000000100000000)
  eden space 192000K, 100% used [0x00000000f0000000,0x00000000fbb80000,0x00000000fbb80000)
  from space 35840K, 35% used [0x00000000fdd00000,0x00000000fe95e8f0,0x0000000100000000)
  to   space 34304K, 0% used [0x00000000fbb80000,0x00000000fbb80000,0x00000000fdd00000)
 ParOldGen       total 524288K, used 108343K [0x00000000d0000000, 0x00000000f0000000, 0x00000000f0000000)
  object space 524288K, 20% used [0x00000000d0000000,0x00000000d69cdea8,0x00000000f0000000)
 Metaspace       used 73653K, capacity 76560K, committed 76760K, reserved 1116160K
  class space    used 9931K, capacity 10740K, committed 10752K, reserved 1048576K
Event: 784.543 GC heap after
Heap after GC invocations=28 (full 3):
 PSYoungGen      total 226304K, used 14473K [0x00000000f0000000, 0x0000000100000000, 0x0000000100000000)
  eden space 192000K, 0% used [0x00000000f0000000,0x00000000f0000000,0x00000000fbb80000)
  from space 34304K, 42% used [0x00000000fbb80000,0x00000000fc9a26f8,0x00000000fdd00000)
  to   space 32768K, 0% used [0x00000000fe000000,0x00000000fe000000,0x0000000100000000)
 ParOldGen       total 524288K, used 108351K [0x00000000d0000000, 0x00000000f0000000, 0x00000000f0000000)
  object space 524288K, 20% used [0x00000000d0000000,0x00000000d69cfea8,0x00000000f0000000)
 Metaspace       used 73653K, capacity 76560K, committed 76760K, reserved 1116160K
  class space    used 9931K, capacity 10740K, committed 10752K, reserved 1048576K
}
Event: 958.671 GC heap before
{Heap before GC invocations=29 (full 3):
 PSYoungGen      total 226304K, used 206473K [0x00000000f0000000, 0x0000000100000000, 0x0000000100000000)
  eden space 192000K, 100% used [0x00000000f0000000,0x00000000fbb80000,0x00000000fbb80000)
  from space 34304K, 42% used [0x00000000fbb80000,0x00000000fc9a26f8,0x00000000fdd00000)
  to   space 32768K, 0% used [0x00000000fe000000,0x00000000fe000000,0x0000000100000000)
 ParOldGen       total 524288K, used 108351K [0x00000000d0000000, 0x00000000f0000000, 0x00000000f0000000)
  object space 524288K, 20% used [0x00000000d0000000,0x00000000d69cfea8,0x00000000f0000000)
 Metaspace       used 74438K, capacity 77506K, committed 77656K, reserved 1116160K
  class space    used 9994K, capacity 10848K, committed 10880K, reserved 1048576K
Event: 958.696 GC heap after
Heap after GC invocations=29 (full 3):
 PSYoungGen      total 230912K, used 15591K [0x00000000f0000000, 0x0000000100000000, 0x0000000100000000)
  eden space 198144K, 0% used [0x00000000f0000000,0x00000000f0000000,0x00000000fc180000)
  from space 32768K, 47% used [0x00000000fe000000,0x00000000fef39ec0,0x0000000100000000)
  to   space 31232K, 0% used [0x00000000fc180000,0x00000000fc180000,0x00000000fe000000)
 ParOldGen       total 524288K, used 108359K [0x00000000d0000000, 0x00000000f0000000, 0x00000000f0000000)
  object space 524288K, 20% used [0x00000000d0000000,0x00000000d69d1ea8,0x00000000f0000000)
 Metaspace       used 74438K, capacity 77506K, committed 77656K, reserved 1116160K
  class space    used 9994K, capacity 10848K, committed 10880K, reserved 1048576K
}
Event: 1132.219 GC heap before
{Heap before GC invocations=30 (full 3):
 PSYoungGen      total 230912K, used 213735K [0x00000000f0000000, 0x0000000100000000, 0x0000000100000000)
  eden space 198144K, 100% used [0x00000000f0000000,0x00000000fc180000,0x00000000fc180000)
  from space 32768K, 47% used [0x00000000fe000000,0x00000000fef39ec0,0x0000000100000000)
  to   space 31232K, 0% used [0x00000000fc180000,0x00000000fc180000,0x00000000fe000000)
 ParOldGen       total 524288K, used 108359K [0x00000000d0000000, 0x00000000f0000000, 0x00000000f0000000)
  object space 524288K, 20% used [0x00000000d0000000,0x00000000d69d1ea8,0x00000000f0000000)
 Metaspace       used 75082K, capacity 78310K, committed 78552K, reserved 1116160K
  class space    used 10052K, capacity 10923K, committed 11008K, reserved 1048576K
Event: 1132.262 GC heap after
Heap after GC invocations=30 (full 3):
 PSYoungGen      total 229376K, used 15594K [0x00000000f0000000, 0x0000000100000000, 0x0000000100000000)
  eden space 198144K, 0% used [0x00000000f0000000,0x00000000f0000000,0x00000000fc180000)
  from space 31232K, 49% used [0x00000000fc180000,0x00000000fd0baba8,0x00000000fe000000)
  to   space 29696K, 0% used [0x00000000fe300000,0x00000000fe300000,0x0000000100000000)
 ParOldGen       total 524288K, used 108359K [0x00000000d0000000, 0x00000000f0000000, 0x00000000f0000000)
  object space 524288K, 20% used [0x00000000d0000000,0x00000000d69d1ea8,0x00000000f0000000)
 Metaspace       used 75082K, capacity 78310K, committed 78552K, reserved 1116160K
  class space    used 10052K, capacity 10923K, committed 11008K, reserved 1048576K
}

